# JRE version: Java(TM) SE Runtime Environment (17.0.12+8) (build 17.0.12+8-LTS-286)
# Java VM: Java HotSpot(TM) 64-Bit Server VM (17.0.12+8-LTS-286, mixed mode, sharing, tiered, compressed oops, compressed class ptrs, g1 gc, windows-amd64)
GC Precious Log:
 CPUs: 16 total, 16 available
 Memory: 15608M
 Large Page Support: Disabled
 NUMA Support: Disabled
 Compressed Oops: Enabled (Zero based)
 Heap Region Size: 2M
 Heap Min Capacity: 8M
 Heap Initial Capacity: 244M
 Heap Max Capacity: 4G
 Pre-touch: Disabled
 Parallel Workers: 13
 Concurrent Workers: 3
 Concurrent Refinement Workers: 13
 Periodic GC: Disabled
Heap:
 garbage-first heap   total 290816K, used 153562K [0x0000000700000000, 0x0000000800000000)
  region size 2048K, 1 young (2048K), 1 survivors (2048K)
 Metaspace       used 90877K, committed 91840K, reserved 1179648K
  class space    used 12720K, committed 13184K, reserved 1048576K
GC Heap History (20 events):
Event: 40.883 GC heap after
{Heap after GC invocations=52 (full 0):
 garbage-first heap   total 206848K, used 130073K [0x0000000700000000, 0x0000000800000000)
  region size 2048K, 3 young (6144K), 3 survivors (6144K)
 Metaspace       used 87556K, committed 88384K, reserved 1179648K
  class space    used 12209K, committed 12608K, reserved 1048576K
}
Event: 41.590 GC heap before
{Heap before GC invocations=52 (full 0):
 garbage-first heap   total 206848K, used 173081K [0x0000000700000000, 0x0000000800000000)
  region size 2048K, 24 young (49152K), 3 survivors (6144K)
 Metaspace       used 89107K, committed 90048K, reserved 1179648K
  class space    used 12426K, committed 12864K, reserved 1048576K
}
Event: 41.595 GC heap after
{Heap after GC invocations=53 (full 0):
 garbage-first heap   total 206848K, used 135241K [0x0000000700000000, 0x0000000800000000)
  region size 2048K, 3 young (6144K), 3 survivors (6144K)
 Metaspace       used 89107K, committed 90048K, reserved 1179648K
  class space    used 12426K, committed 12864K, reserved 1048576K
}
Event: 42.112 GC heap before
{Heap before GC invocations=53 (full 0):
 garbage-first heap   total 206848K, used 170057K [0x0000000700000000, 0x0000000800000000)
  region size 2048K, 21 young (43008K), 3 survivors (6144K)
 Metaspace       used 89131K, committed 90048K, reserved 1179648K
  class space    used 12426K, committed 12864K, reserved 1048576K
}
Event: 42.117 GC heap after
{Heap after GC invocations=54 (full 0):
 garbage-first heap   total 206848K, used 139034K [0x0000000700000000, 0x0000000800000000)
  region size 2048K, 2 young (4096K), 2 survivors (4096K)
 Metaspace       used 89131K, committed 90048K, reserved 1179648K
  class space    used 12426K, committed 12864K, reserved 1048576K
}
Event: 42.359 GC heap before
{Heap before GC invocations=54 (full 0):
 garbage-first heap   total 206848K, used 171802K [0x0000000700000000, 0x0000000800000000)
  region size 2048K, 19 young (38912K), 2 survivors (4096K)
 Metaspace       used 89131K, committed 90048K, reserved 1179648K
  class space    used 12426K, committed 12864K, reserved 1048576K
}
Event: 42.362 GC heap after
{Heap after GC invocations=55 (full 0):
 garbage-first heap   total 206848K, used 140122K [0x0000000700000000, 0x0000000800000000)
  region size 2048K, 2 young (4096K), 2 survivors (4096K)
 Metaspace       used 89131K, committed 90048K, reserved 1179648K
  class space    used 12426K, committed 12864K, reserved 1048576K
}
Event: 42.715 GC heap before
{Heap before GC invocations=55 (full 0):
 garbage-first heap   total 206848K, used 170842K [0x0000000700000000, 0x0000000800000000)
  region size 2048K, 18 young (36864K), 2 survivors (4096K)
 Metaspace       used 89681K, committed 90624K, reserved 1179648K
  class space    used 12505K, committed 12992K, reserved 1048576K
}
Event: 42.718 GC heap after
{Heap after GC invocations=56 (full 0):
 garbage-first heap   total 206848K, used 144642K [0x0000000700000000, 0x0000000800000000)
  region size 2048K, 3 young (6144K), 3 survivors (6144K)
 Metaspace       used 89681K, committed 90624K, reserved 1179648K
  class space    used 12505K, committed 12992K, reserved 1048576K
}
Event: 43.052 GC heap before
{Heap before GC invocations=56 (full 0):
 garbage-first heap   total 206848K, used 169218K [0x0000000700000000, 0x0000000800000000)
  region size 2048K, 16 young (32768K), 3 survivors (6144K)
 Metaspace       used 90723K, committed 91648K, reserved 1179648K
  class space    used 12701K, committed 13184K, reserved 1048576K
}
Event: 43.056 GC heap after
{Heap after GC invocations=57 (full 0):
 garbage-first heap   total 206848K, used 149112K [0x0000000700000000, 0x0000000800000000)
  region size 2048K, 2 young (4096K), 2 survivors (4096K)
 Metaspace       used 90723K, committed 91648K, reserved 1179648K
  class space    used 12701K, committed 13184K, reserved 1048576K
}
Event: 43.131 GC heap before
{Heap before GC invocations=57 (full 0):
 garbage-first heap   total 206848K, used 171640K [0x0000000700000000, 0x0000000800000000)
  region size 2048K, 14 young (28672K), 2 survivors (4096K)
 Metaspace       used 90736K, committed 91648K, reserved 1179648K
  class space    used 12701K, committed 13184K, reserved 1048576K
}
Event: 43.134 GC heap after
{Heap after GC invocations=58 (full 0):
 garbage-first heap   total 206848K, used 152141K [0x0000000700000000, 0x0000000800000000)
  region size 2048K, 2 young (4096K), 2 survivors (4096K)
 Metaspace       used 90736K, committed 91648K, reserved 1179648K
  class space    used 12701K, committed 13184K, reserved 1048576K
}
Event: 43.177 GC heap before
{Heap before GC invocations=58 (full 0):
 garbage-first heap   total 206848K, used 170573K [0x0000000700000000, 0x0000000800000000)
  region size 2048K, 12 young (24576K), 2 survivors (4096K)
 Metaspace       used 90736K, committed 91648K, reserved 1179648K
  class space    used 12701K, committed 13184K, reserved 1048576K
}
Event: 43.180 GC heap after
{Heap after GC invocations=59 (full 0):
 garbage-first heap   total 206848K, used 153017K [0x0000000700000000, 0x0000000800000000)
  region size 2048K, 2 young (4096K), 2 survivors (4096K)
 Metaspace       used 90736K, committed 91648K, reserved 1179648K
  class space    used 12701K, committed 13184K, reserved 1048576K
}
Event: 43.233 GC heap before
{Heap before GC invocations=59 (full 0):
 garbage-first heap   total 206848K, used 171449K [0x0000000700000000, 0x0000000800000000)
  region size 2048K, 12 young (24576K), 2 survivors (4096K)
 Metaspace       used 90736K, committed 91648K, reserved 1179648K
  class space    used 12701K, committed 13184K, reserved 1048576K
}
Event: 43.236 GC heap after
{Heap after GC invocations=60 (full 0):
 garbage-first heap   total 206848K, used 153778K [0x0000000700000000, 0x0000000800000000)
  region size 2048K, 2 young (4096K), 2 survivors (4096K)
 Metaspace       used 90736K, committed 91648K, reserved 1179648K
  class space    used 12701K, committed 13184K, reserved 1048576K
}
Event: 43.386 GC heap before
{Heap before GC invocations=61 (full 0):
 garbage-first heap   total 290816K, used 172210K [0x0000000700000000, 0x0000000800000000)
  region size 2048K, 12 young (24576K), 2 survivors (4096K)
 Metaspace       used 90744K, committed 91648K, reserved 1179648K
  class space    used 12702K, committed 13184K, reserved 1048576K
}
Event: 43.390 GC heap after
{Heap after GC invocations=62 (full 0):
 garbage-first heap   total 290816K, used 154884K [0x0000000700000000, 0x0000000800000000)
  region size 2048K, 2 young (4096K), 2 survivors (4096K)
 Metaspace       used 90744K, committed 91648K, reserved 1179648K
  class space    used 12702K, committed 13184K, reserved 1048576K
}
Event: 43.631 GC heap before
{Heap before GC invocations=62 (full 0):
 garbage-first heap   total 290816K, used 163076K [0x0000000700000000, 0x0000000800000000)
  region size 2048K, 7 young (14336K), 2 survivors (4096K)
 Metaspace       used 90877K, committed 91840K, reserved 1179648K
  class space    used 12720K, committed 13184K, reserved 1048576K
}

